<?xml version="1.0" encoding="UTF-8"?>
<!-- Generated by org.testng.reporters.JUnitReportReporter -->
<testsuite hostname="YRUS" failures="0" tests="1" name="testCases.TC_002_LoginTest" time="1.974" errors="0" timestamp="2024-03-25T13:20:56 EDT" skipped="0">
  <testcase classname="testCases.TC_002_LoginTest" name="verify_login" time="1.974"/>
</testsuite> <!-- testCases.TC_002_LoginTest -->
