<?xml version="1.0" encoding="UTF-8"?>
<!-- Generated by org.testng.reporters.JUnitReportReporter -->
<testsuite hostname="YRUS" failures="0" tests="5" name="testCases.TC_003_LoginDDT" time="39.222" errors="0" timestamp="2024-03-22T12:17:38 EDT" skipped="0">
  <testcase classname="testCases.TC_003_LoginDDT" name="verify_loginDDT" time="11.211"/>
  <testcase classname="testCases.TC_003_LoginDDT" name="verify_loginDDT" time="2.654"/>
  <testcase classname="testCases.TC_003_LoginDDT" name="verify_loginDDT" time="11.217"/>
  <testcase classname="testCases.TC_003_LoginDDT" name="verify_loginDDT" time="11.573"/>
  <testcase classname="testCases.TC_003_LoginDDT" name="verify_loginDDT" time="2.567"/>
</testsuite> <!-- testCases.TC_003_LoginDDT -->
