<?xml version="1.0" encoding="UTF-8"?>
<!-- Generated by org.testng.reporters.JUnitReportReporter -->
<testsuite hostname="YRUS" failures="0" tests="1" name="testCases.TC_001_AccountRegistrationTest" time="2.753" errors="0" timestamp="2024-03-25T16:30:34 EDT" skipped="0">
  <testcase classname="testCases.TC_001_AccountRegistrationTest" name="verify_account_registration" time="2.753"/>
</testsuite> <!-- testCases.TC_001_AccountRegistrationTest -->
